This file contains any messages produced by compilers while
running configure, to aid debugging if configure makes a mistake.

It was created by audio_player configure 0.1, which was
generated by GNU Autoconf 2.67.  Invocation command line was

  $ /home/dcarrera/source/gtk3/audio-player/configure --enable-maintainer-mode --enable-maintainer-mode CFLAGS=-g -O0 CXXFLAGS=-g -O0 JFLAGS=-g -O0 FFLAGS=-g -O0

## --------- ##
## Platform. ##
## --------- ##

hostname = dcarrera-laptop
uname -m = i686
uname -r = 2.6.39-0-generic-pae
uname -s = Linux
uname -v = #5~20110427-Ubuntu SMP Wed Apr 27 18:53:48 UTC 2011

/usr/bin/uname -p = unknown
/bin/uname -X     = unknown

/bin/arch              = unknown
/usr/bin/arch -k       = unknown
/usr/convex/getsysinfo = unknown
/usr/bin/hostinfo      = unknown
/bin/machine           = unknown
/usr/bin/oslevel       = unknown
/bin/universe          = unknown

PATH: /usr/local/sbin
PATH: /usr/local/bin
PATH: /usr/sbin
PATH: /usr/bin
PATH: /sbin
PATH: /bin
PATH: /usr/games
PATH: /usr/local/jdk1.6.0_25/bin


## ----------- ##
## Core tests. ##
## ----------- ##

configure:2433: checking for a BSD-compatible install
configure:2501: result: /usr/bin/install -c
configure:2512: checking whether build environment is sane
configure:2562: result: yes
configure:2703: checking for a thread-safe mkdir -p
configure:2742: result: /bin/mkdir -p
configure:2755: checking for gawk
configure:2785: result: no
configure:2755: checking for mawk
configure:2771: found /usr/bin/mawk
configure:2782: result: mawk
configure:2793: checking whether make sets $(MAKE)
configure:2815: result: yes
configure:2898: checking whether to enable maintainer-specific portions of Makefiles
configure:2907: result: yes
configure:2969: checking for gcc
configure:2985: found /usr/bin/gcc
configure:2996: result: gcc
configure:3225: checking for C compiler version
configure:3234: gcc --version >&5
gcc (Ubuntu/Linaro 4.5.2-8ubuntu4) 4.5.2
Copyright (C) 2010 Free Software Foundation, Inc.
This is free software; see the source for copying conditions.  There is NO
warranty; not even for MERCHANTABILITY or FITNESS FOR A PARTICULAR PURPOSE.

configure:3245: $? = 0
configure:3234: gcc -v >&5
Using built-in specs.
COLLECT_GCC=gcc
COLLECT_LTO_WRAPPER=/usr/lib/i386-linux-gnu/gcc/i686-linux-gnu/4.5.2/lto-wrapper
Target: i686-linux-gnu
Configured with: ../src/configure -v --with-pkgversion='Ubuntu/Linaro 4.5.2-8ubuntu4' --with-bugurl=file:///usr/share/doc/gcc-4.5/README.Bugs --enable-languages=c,c++,fortran,objc,obj-c++ --prefix=/usr --program-suffix=-4.5 --enable-shared --enable-multiarch --with-multiarch-defaults=i386-linux-gnu --enable-linker-build-id --with-system-zlib --libexecdir=/usr/lib/i386-linux-gnu --without-included-gettext --enable-threads=posix --with-gxx-include-dir=/usr/include/c++/4.5 --libdir=/usr/lib/i386-linux-gnu --enable-nls --with-sysroot=/ --enable-clocale=gnu --enable-libstdcxx-debug --enable-libstdcxx-time=yes --enable-plugin --enable-gold --enable-ld=default --with-plugin-ld=ld.gold --enable-objc-gc --enable-targets=all --disable-werror --with-arch-32=i686 --with-tune=generic --enable-checking=release --build=i686-linux-gnu --host=i686-linux-gnu --target=i686-linux-gnu
Thread model: posix
gcc version 4.5.2 (Ubuntu/Linaro 4.5.2-8ubuntu4) 
configure:3245: $? = 0
configure:3234: gcc -V >&5
gcc: '-V' option must have argument
configure:3245: $? = 1
configure:3234: gcc -qversion >&5
gcc: unrecognized option '-qversion'
gcc: no input files
configure:3245: $? = 1
configure:3265: checking whether the C compiler works
configure:3287: gcc -g -O0   conftest.c  >&5
configure:3291: $? = 0
configure:3339: result: yes
configure:3342: checking for C compiler default output file name
configure:3344: result: a.out
configure:3350: checking for suffix of executables
configure:3357: gcc -o conftest -g -O0   conftest.c  >&5
configure:3361: $? = 0
configure:3383: result: 
configure:3405: checking whether we are cross compiling
configure:3413: gcc -o conftest -g -O0   conftest.c  >&5
configure:3417: $? = 0
configure:3424: ./conftest
configure:3428: $? = 0
configure:3443: result: no
configure:3448: checking for suffix of object files
configure:3470: gcc -c -g -O0  conftest.c >&5
configure:3474: $? = 0
configure:3495: result: o
configure:3499: checking whether we are using the GNU C compiler
configure:3518: gcc -c -g -O0  conftest.c >&5
configure:3518: $? = 0
configure:3527: result: yes
configure:3536: checking whether gcc accepts -g
configure:3556: gcc -c -g  conftest.c >&5
configure:3556: $? = 0
configure:3597: result: yes
configure:3614: checking for gcc option to accept ISO C89
configure:3678: gcc  -c -g -O0  conftest.c >&5
configure:3678: $? = 0
configure:3691: result: none needed
configure:3722: checking for style of include used by make
configure:3750: result: GNU
configure:3775: checking dependency style of gcc
configure:3885: result: gcc3
configure:3917: checking how to run the C preprocessor
configure:3948: gcc -E  conftest.c
configure:3948: $? = 0
configure:3962: gcc -E  conftest.c
conftest.c:12:28: fatal error: ac_nonexistent.h: No such file or directory
compilation terminated.
configure:3962: $? = 1
configure: failed program was:
| /* confdefs.h */
| #define PACKAGE_NAME "audio_player"
| #define PACKAGE_TARNAME "audio_player"
| #define PACKAGE_VERSION "0.1"
| #define PACKAGE_STRING "audio_player 0.1"
| #define PACKAGE_BUGREPORT ""
| #define PACKAGE_URL ""
| #define PACKAGE "audio_player"
| #define VERSION "0.1"
| #define GETTEXT_PACKAGE "audio_player"
| /* end confdefs.h.  */
| #include <ac_nonexistent.h>
configure:3987: result: gcc -E
configure:4007: gcc -E  conftest.c
configure:4007: $? = 0
configure:4021: gcc -E  conftest.c
conftest.c:12:28: fatal error: ac_nonexistent.h: No such file or directory
compilation terminated.
configure:4021: $? = 1
configure: failed program was:
| /* confdefs.h */
| #define PACKAGE_NAME "audio_player"
| #define PACKAGE_TARNAME "audio_player"
| #define PACKAGE_VERSION "0.1"
| #define PACKAGE_STRING "audio_player 0.1"
| #define PACKAGE_BUGREPORT ""
| #define PACKAGE_URL ""
| #define PACKAGE "audio_player"
| #define VERSION "0.1"
| #define GETTEXT_PACKAGE "audio_player"
| /* end confdefs.h.  */
| #include <ac_nonexistent.h>
configure:4050: checking for grep that handles long lines and -e
configure:4108: result: /bin/grep
configure:4113: checking for egrep
configure:4175: result: /bin/grep -E
configure:4180: checking for ANSI C header files
configure:4200: gcc -c -g -O0  conftest.c >&5
configure:4200: $? = 0
configure:4273: gcc -o conftest -g -O0   conftest.c  >&5
configure:4273: $? = 0
configure:4273: ./conftest
configure:4273: $? = 0
configure:4284: result: yes
configure:4297: checking for sys/types.h
configure:4297: gcc -c -g -O0  conftest.c >&5
configure:4297: $? = 0
configure:4297: result: yes
configure:4297: checking for sys/stat.h
configure:4297: gcc -c -g -O0  conftest.c >&5
configure:4297: $? = 0
configure:4297: result: yes
configure:4297: checking for stdlib.h
configure:4297: gcc -c -g -O0  conftest.c >&5
configure:4297: $? = 0
configure:4297: result: yes
configure:4297: checking for string.h
configure:4297: gcc -c -g -O0  conftest.c >&5
configure:4297: $? = 0
configure:4297: result: yes
configure:4297: checking for memory.h
configure:4297: gcc -c -g -O0  conftest.c >&5
configure:4297: $? = 0
configure:4297: result: yes
configure:4297: checking for strings.h
configure:4297: gcc -c -g -O0  conftest.c >&5
configure:4297: $? = 0
configure:4297: result: yes
configure:4297: checking for inttypes.h
configure:4297: gcc -c -g -O0  conftest.c >&5
configure:4297: $? = 0
configure:4297: result: yes
configure:4297: checking for stdint.h
configure:4297: gcc -c -g -O0  conftest.c >&5
configure:4297: $? = 0
configure:4297: result: yes
configure:4297: checking for unistd.h
configure:4297: gcc -c -g -O0  conftest.c >&5
configure:4297: $? = 0
configure:4297: result: yes
configure:4312: checking locale.h usability
configure:4312: gcc -c -g -O0  conftest.c >&5
configure:4312: $? = 0
configure:4312: result: yes
configure:4312: checking locale.h presence
configure:4312: gcc -E  conftest.c
configure:4312: $? = 0
configure:4312: result: yes
configure:4312: checking for locale.h
configure:4312: result: yes
configure:4323: checking for LC_MESSAGES
configure:4339: gcc -o conftest -g -O0   conftest.c  >&5
configure:4339: $? = 0
configure:4347: result: yes
configure:4364: checking libintl.h usability
configure:4364: gcc -c -g -O0  conftest.c >&5
configure:4364: $? = 0
configure:4364: result: yes
configure:4364: checking libintl.h presence
configure:4364: gcc -E  conftest.c
configure:4364: $? = 0
configure:4364: result: yes
configure:4364: checking for libintl.h
configure:4364: result: yes
configure:4372: checking for ngettext in libc
configure:4390: gcc -o conftest -g -O0   conftest.c  >&5
configure:4390: $? = 0
configure:4399: result: yes
configure:4403: checking for dgettext in libc
configure:4421: gcc -o conftest -g -O0   conftest.c  >&5
configure:4421: $? = 0
configure:4430: result: yes
configure:4437: checking for bind_textdomain_codeset
configure:4437: gcc -o conftest -g -O0   conftest.c  >&5
configure:4437: $? = 0
configure:4437: result: yes
configure:4713: checking for msgfmt
configure:4740: result: /usr/bin/msgfmt
configure:4751: checking for dcgettext
configure:4751: gcc -o conftest -g -O0   conftest.c   >&5
conftest.c:49:6: warning: conflicting types for built-in function 'dcgettext'
configure:4751: $? = 0
configure:4751: result: yes
configure:4761: checking if msgfmt accepts -c
configure:4776: $MSGFMT -c -o /dev/null conftest.foo
configure:4779: $? = 0
configure:4781: result: yes
configure:4791: checking for gmsgfmt
configure:4822: result: /usr/bin/msgfmt
configure:4832: checking for xgettext
configure:4859: result: /usr/bin/xgettext
configure:4878: gcc -o conftest -g -O0   conftest.c   >&5
configure:4878: $? = 0
configure:5014: checking whether NLS is requested
configure:5023: result: yes
configure:5038: checking for intltool >= 0.35.0
configure:5045: result: 0.41.1 found
configure:5053: checking for intltool-update
configure:5071: found /usr/bin/intltool-update
configure:5083: result: /usr/bin/intltool-update
configure:5093: checking for intltool-merge
configure:5111: found /usr/bin/intltool-merge
configure:5123: result: /usr/bin/intltool-merge
configure:5133: checking for intltool-extract
configure:5151: found /usr/bin/intltool-extract
configure:5163: result: /usr/bin/intltool-extract
configure:5294: checking for xgettext
configure:5324: result: /usr/bin/xgettext
configure:5334: checking for msgmerge
configure:5352: found /usr/bin/msgmerge
configure:5364: result: /usr/bin/msgmerge
configure:5374: checking for msgfmt
configure:5404: result: /usr/bin/msgfmt
configure:5414: checking for gmsgfmt
configure:5445: result: /usr/bin/msgfmt
configure:5465: checking for perl
configure:5483: found /usr/bin/perl
configure:5495: result: /usr/bin/perl
configure:5506: checking for perl >= 5.8.1
configure:5513: result: 5.10.1
configure:5517: checking for XML::Parser
configure:5520: result: ok
configure:5603: checking build system type
configure:5617: result: i686-pc-linux-gnu
configure:5637: checking host system type
configure:5650: result: i686-pc-linux-gnu
configure:5670: checking for a sed that does not truncate output
configure:5734: result: /bin/sed
configure:5752: checking for fgrep
configure:5814: result: /bin/grep -F
configure:5849: checking for ld used by gcc
configure:5916: result: /usr/bin/ld
configure:5923: checking if the linker (/usr/bin/ld) is GNU ld
configure:5938: result: yes
configure:5950: checking for BSD- or MS-compatible name lister (nm)
configure:5999: result: /usr/bin/nm -B
configure:6117: checking the name lister (/usr/bin/nm -B) interface
configure:6124: gcc -c -g -O0  conftest.c >&5
configure:6127: /usr/bin/nm -B "conftest.o"
configure:6130: output
00000000 B some_variable
configure:6137: result: BSD nm
configure:6140: checking whether ln -s works
configure:6144: result: yes
configure:6152: checking the maximum length of command line arguments
configure:6272: result: 1572864
configure:6289: checking whether the shell understands some XSI constructs
configure:6299: result: yes
configure:6303: checking whether the shell understands "+="
configure:6309: result: yes
configure:6344: checking for /usr/bin/ld option to reload object files
configure:6351: result: -r
configure:6420: checking for objdump
configure:6436: found /usr/bin/objdump
configure:6447: result: objdump
configure:6479: checking how to recognize dependent libraries
configure:6675: result: pass_all
configure:6735: checking for ar
configure:6751: found /usr/bin/ar
configure:6762: result: ar
configure:6840: checking for strip
configure:6856: found /usr/bin/strip
configure:6867: result: strip
configure:6939: checking for ranlib
configure:6955: found /usr/bin/ranlib
configure:6966: result: ranlib
configure:7056: checking command to parse /usr/bin/nm -B output from gcc object
configure:7174: gcc -c -g -O0  conftest.c >&5
configure:7177: $? = 0
configure:7181: /usr/bin/nm -B conftest.o \| sed -n -e 's/^.*[	 ]\([ABCDGIRSTW][ABCDGIRSTW]*\)[	 ][	 ]*\([_A-Za-z][_A-Za-z0-9]*\)$/\1 \2 \2/p' \> conftest.nm
configure:7184: $? = 0
configure:7238: gcc -o conftest -g -O0   conftest.c conftstm.o >&5
configure:7241: $? = 0
configure:7279: result: ok
configure:8084: checking for dlfcn.h
configure:8084: gcc -c -g -O0  conftest.c >&5
configure:8084: $? = 0
configure:8084: result: yes
configure:8268: checking for objdir
configure:8283: result: .libs
configure:8575: checking if gcc supports -fno-rtti -fno-exceptions
configure:8593: gcc -c -g -O0  -fno-rtti -fno-exceptions conftest.c >&5
cc1: warning: command line option "-fno-rtti" is valid for C++/ObjC++ but not for C
configure:8597: $? = 0
configure:8610: result: no
configure:8630: checking for gcc option to produce PIC
configure:8902: result: -fPIC -DPIC
configure:8914: checking if gcc PIC flag -fPIC -DPIC works
configure:8932: gcc -c -g -O0  -fPIC -DPIC -DPIC conftest.c >&5
configure:8936: $? = 0
configure:8949: result: yes
configure:8973: checking if gcc static flag -static works
configure:9001: result: yes
configure:9016: checking if gcc supports -c -o file.o
configure:9037: gcc -c -g -O0  -o out/conftest2.o conftest.c >&5
configure:9041: $? = 0
configure:9063: result: yes
configure:9071: checking if gcc supports -c -o file.o
configure:9118: result: yes
configure:9151: checking whether the gcc linker (/usr/bin/ld) supports shared libraries
configure:10142: result: yes
configure:10179: checking whether -lc should be explicitly linked in
configure:10184: gcc -c -g -O0  conftest.c >&5
configure:10187: $? = 0
configure:10202: gcc -shared conftest.o  -v -Wl,-soname -Wl,conftest -o conftest 2\>\&1 \| /bin/grep  -lc  \>/dev/null 2\>\&1
configure:10205: $? = 0
configure:10217: result: no
configure:10381: checking dynamic linker characteristics
configure:10814: gcc -o conftest -g -O0   -Wl,-rpath -Wl,/foo conftest.c  >&5
configure:10814: $? = 0
configure:11044: result: GNU/Linux ld.so
configure:11146: checking how to hardcode library paths into programs
configure:11171: result: immediate
configure:11691: checking whether stripping libraries is possible
configure:11696: result: yes
configure:11731: checking if libtool supports shared libraries
configure:11733: result: yes
configure:11736: checking whether to build shared libraries
configure:11757: result: yes
configure:11760: checking whether to build static libraries
configure:11764: result: yes
configure:11855: checking for pkg-config
configure:11873: found /usr/bin/pkg-config
configure:11885: result: /usr/bin/pkg-config
configure:11910: checking pkg-config is at least version 0.9.0
configure:11913: result: yes
configure:11923: checking for gtk
configure:11936: $PKG_CONFIG --exists --print-errors "atk
cairo
libcanberra-gtk3
gdk-3.0
gdl-3.0
dbusmenu-gtk3-0.4
gtksourceview-3.0"
configure:11945: $? = 0
configure:11970: $PKG_CONFIG --exists --print-errors "atk
cairo
libcanberra-gtk3
gdk-3.0
gdl-3.0
dbusmenu-gtk3-0.4
gtksourceview-3.0"
configure:11979: $? = 0
configure:12060: result: yes
configure:12067: checking for AUDIO_PLAYER
configure:12074: $PKG_CONFIG --exists --print-errors "gtk+-3.0 "
configure:12077: $? = 0
configure:12090: $PKG_CONFIG --exists --print-errors "gtk+-3.0 "
configure:12093: $? = 0
configure:12150: result: yes
configure:12287: creating ./config.status

## ---------------------- ##
## Running config.status. ##
## ---------------------- ##

This file was extended by audio_player config.status 0.1, which was
generated by GNU Autoconf 2.67.  Invocation command line was

  CONFIG_FILES    = 
  CONFIG_HEADERS  = 
  CONFIG_LINKS    = 
  CONFIG_COMMANDS = 
  $ ./config.status 

on dcarrera-laptop

config.status:1158: creating Makefile
config.status:1158: creating src/Makefile
config.status:1158: creating po/Makefile.in
config.status:1158: creating config.h
config.status:1323: config.h is unchanged
config.status:1371: executing depfiles commands
config.status:1371: executing default-1 commands
config.status:1371: executing libtool commands
config.status:1371: executing po/stamp-it commands

## ---------------- ##
## Cache variables. ##
## ---------------- ##

ac_cv_build=i686-pc-linux-gnu
ac_cv_c_compiler_gnu=yes
ac_cv_env_AUDIO_PLAYER_CFLAGS_set=
ac_cv_env_AUDIO_PLAYER_CFLAGS_value=
ac_cv_env_AUDIO_PLAYER_LIBS_set=
ac_cv_env_AUDIO_PLAYER_LIBS_value=
ac_cv_env_CC_set=
ac_cv_env_CC_value=
ac_cv_env_CFLAGS_set=set
ac_cv_env_CFLAGS_value='-g -O0'
ac_cv_env_CPPFLAGS_set=
ac_cv_env_CPPFLAGS_value=
ac_cv_env_CPP_set=
ac_cv_env_CPP_value=
ac_cv_env_LDFLAGS_set=
ac_cv_env_LDFLAGS_value=
ac_cv_env_LIBS_set=
ac_cv_env_LIBS_value=
ac_cv_env_PKG_CONFIG_LIBDIR_set=
ac_cv_env_PKG_CONFIG_LIBDIR_value=
ac_cv_env_PKG_CONFIG_PATH_set=
ac_cv_env_PKG_CONFIG_PATH_value=
ac_cv_env_PKG_CONFIG_set=
ac_cv_env_PKG_CONFIG_value=
ac_cv_env_build_alias_set=
ac_cv_env_build_alias_value=
ac_cv_env_gtk_CFLAGS_set=
ac_cv_env_gtk_CFLAGS_value=
ac_cv_env_gtk_LIBS_set=
ac_cv_env_gtk_LIBS_value=
ac_cv_env_host_alias_set=
ac_cv_env_host_alias_value=
ac_cv_env_target_alias_set=
ac_cv_env_target_alias_value=
ac_cv_func_bind_textdomain_codeset=yes
ac_cv_func_dcgettext=yes
ac_cv_header_dlfcn_h=yes
ac_cv_header_inttypes_h=yes
ac_cv_header_libintl_h=yes
ac_cv_header_locale_h=yes
ac_cv_header_memory_h=yes
ac_cv_header_stdc=yes
ac_cv_header_stdint_h=yes
ac_cv_header_stdlib_h=yes
ac_cv_header_string_h=yes
ac_cv_header_strings_h=yes
ac_cv_header_sys_stat_h=yes
ac_cv_header_sys_types_h=yes
ac_cv_header_unistd_h=yes
ac_cv_host=i686-pc-linux-gnu
ac_cv_objext=o
ac_cv_path_EGREP='/bin/grep -E'
ac_cv_path_FGREP='/bin/grep -F'
ac_cv_path_GMSGFMT=/usr/bin/msgfmt
ac_cv_path_GREP=/bin/grep
ac_cv_path_INTLTOOL_EXTRACT=/usr/bin/intltool-extract
ac_cv_path_INTLTOOL_MERGE=/usr/bin/intltool-merge
ac_cv_path_INTLTOOL_PERL=/usr/bin/perl
ac_cv_path_INTLTOOL_UPDATE=/usr/bin/intltool-update
ac_cv_path_MSGFMT=/usr/bin/msgfmt
ac_cv_path_MSGMERGE=/usr/bin/msgmerge
ac_cv_path_SED=/bin/sed
ac_cv_path_XGETTEXT=/usr/bin/xgettext
ac_cv_path_ac_pt_PKG_CONFIG=/usr/bin/pkg-config
ac_cv_path_install='/usr/bin/install -c'
ac_cv_path_mkdir=/bin/mkdir
ac_cv_prog_AWK=mawk
ac_cv_prog_CPP='gcc -E'
ac_cv_prog_ac_ct_AR=ar
ac_cv_prog_ac_ct_CC=gcc
ac_cv_prog_ac_ct_OBJDUMP=objdump
ac_cv_prog_ac_ct_RANLIB=ranlib
ac_cv_prog_ac_ct_STRIP=strip
ac_cv_prog_cc_c89=
ac_cv_prog_cc_g=yes
ac_cv_prog_make_make_set=yes
am_cv_CC_dependencies_compiler_type=gcc3
am_cv_val_LC_MESSAGES=yes
gt_cv_func_dgettext_libc=yes
gt_cv_func_dgettext_libintl=no
gt_cv_func_ngettext_libc=yes
gt_cv_have_gettext=yes
lt_cv_deplibs_check_method=pass_all
lt_cv_file_magic_cmd='$MAGIC_CMD'
lt_cv_file_magic_test_file=
lt_cv_ld_reload_flag=-r
lt_cv_nm_interface='BSD nm'
lt_cv_objdir=.libs
lt_cv_path_LD=/usr/bin/ld
lt_cv_path_NM='/usr/bin/nm -B'
lt_cv_prog_compiler_c_o=yes
lt_cv_prog_compiler_pic_works=yes
lt_cv_prog_compiler_rtti_exceptions=no
lt_cv_prog_compiler_static_works=yes
lt_cv_prog_gnu_ld=yes
lt_cv_sys_global_symbol_pipe='sed -n -e '\''s/^.*[	 ]\([ABCDGIRSTW][ABCDGIRSTW]*\)[	 ][	 ]*\([_A-Za-z][_A-Za-z0-9]*\)$/\1 \2 \2/p'\'''
lt_cv_sys_global_symbol_to_c_name_address='sed -n -e '\''s/^: \([^ ]*\) $/  {\"\1\", (void *) 0},/p'\'' -e '\''s/^[ABCDGIRSTW]* \([^ ]*\) \([^ ]*\)$/  {"\2", (void *) \&\2},/p'\'''
lt_cv_sys_global_symbol_to_c_name_address_lib_prefix='sed -n -e '\''s/^: \([^ ]*\) $/  {\"\1\", (void *) 0},/p'\'' -e '\''s/^[ABCDGIRSTW]* \([^ ]*\) \(lib[^ ]*\)$/  {"\2", (void *) \&\2},/p'\'' -e '\''s/^[ABCDGIRSTW]* \([^ ]*\) \([^ ]*\)$/  {"lib\2", (void *) \&\2},/p'\'''
lt_cv_sys_global_symbol_to_cdecl='sed -n -e '\''s/^T .* \(.*\)$/extern int \1();/p'\'' -e '\''s/^[ABCDGIRSTW]* .* \(.*\)$/extern char \1;/p'\'''
lt_cv_sys_max_cmd_len=1572864
pkg_cv_AUDIO_PLAYER_CFLAGS='-pthread -DGSEAL_ENABLE -I/usr/include/atk-1.0 -I/usr/include/pango-1.0 -I/usr/include/gio-unix-2.0/ -I/usr/include/glib-2.0 -I/usr/lib/i386-linux-gnu/glib-2.0/include -I/usr/include/freetype2 -I/usr/include/libpng12 -I/usr/include/gtk-3.0 -I/usr/include/cairo -I/usr/include/gdk-pixbuf-2.0 -I/usr/include/pixman-1  '
pkg_cv_AUDIO_PLAYER_LIBS='-pthread -L/usr/lib/i386-linux-gnu -lgtk-3 -lgdk-3 -latk-1.0 -lcairo-gobject -lgio-2.0 -lpangoft2-1.0 -lpangocairo-1.0 -lgdk_pixbuf-2.0 -lm -lcairo -lpango-1.0 -lfreetype -lfontconfig -lgobject-2.0 -lgmodule-2.0 -lgthread-2.0 -lrt -lglib-2.0  '
pkg_cv_gtk_CFLAGS='-pthread -D_REENTRANT -DGSEAL_ENABLE -I/usr/include/atk-1.0 -I/usr/include/glib-2.0 -I/usr/lib/i386-linux-gnu/glib-2.0/include -I/usr/include/freetype2 -I/usr/include/libpng12 -I/usr/include/pango-1.0 -I/usr/include/gio-unix-2.0/ -I/usr/include/cairo -I/usr/include/pixman-1 -I/usr/include/gtk-3.0 -I/usr/include/gdk-pixbuf-2.0 -I/usr/include/libgdl-3.0 -I/usr/include/libxml2 -I/usr/include/libdbusmenu-0.4 -I/usr/include/gtksourceview-3.0  '
pkg_cv_gtk_LIBS='-pthread -L/usr/lib/i386-linux-gnu -lcanberra-gtk3 -lcanberra -lgdl-3 -lxml2 -ldbusmenu-gtk3 -ldbusmenu-glib -lgtksourceview-3.0 -lgtk-3 -lgdk-3 -latk-1.0 -lcairo-gobject -lgio-2.0 -lpangoft2-1.0 -lpangocairo-1.0 -lgdk_pixbuf-2.0 -lm -lcairo -lpango-1.0 -lfreetype -lfontconfig -lgobject-2.0 -lgmodule-2.0 -lgthread-2.0 -lrt -lglib-2.0  '

## ----------------- ##
## Output variables. ##
## ----------------- ##

ACLOCAL='${SHELL} /home/dcarrera/source/gtk3/audio-player/missing --run aclocal-1.11'
ALL_LINGUAS=''
AMDEPBACKSLASH='\'
AMDEP_FALSE='#'
AMDEP_TRUE=''
AMTAR='${SHELL} /home/dcarrera/source/gtk3/audio-player/missing --run tar'
AM_BACKSLASH='\'
AM_DEFAULT_VERBOSITY='0'
AR='ar'
AUDIO_PLAYER_CFLAGS='-pthread -DGSEAL_ENABLE -I/usr/include/atk-1.0 -I/usr/include/pango-1.0 -I/usr/include/gio-unix-2.0/ -I/usr/include/glib-2.0 -I/usr/lib/i386-linux-gnu/glib-2.0/include -I/usr/include/freetype2 -I/usr/include/libpng12 -I/usr/include/gtk-3.0 -I/usr/include/cairo -I/usr/include/gdk-pixbuf-2.0 -I/usr/include/pixman-1  '
AUDIO_PLAYER_LIBS='-pthread -L/usr/lib/i386-linux-gnu -lgtk-3 -lgdk-3 -latk-1.0 -lcairo-gobject -lgio-2.0 -lpangoft2-1.0 -lpangocairo-1.0 -lgdk_pixbuf-2.0 -lm -lcairo -lpango-1.0 -lfreetype -lfontconfig -lgobject-2.0 -lgmodule-2.0 -lgthread-2.0 -lrt -lglib-2.0  '
AUTOCONF='${SHELL} /home/dcarrera/source/gtk3/audio-player/missing --run autoconf'
AUTOHEADER='${SHELL} /home/dcarrera/source/gtk3/audio-player/missing --run autoheader'
AUTOMAKE='${SHELL} /home/dcarrera/source/gtk3/audio-player/missing --run automake-1.11'
AWK='mawk'
CATALOGS=''
CATOBJEXT='.gmo'
CC='gcc'
CCDEPMODE='depmode=gcc3'
CFLAGS='-g -O0'
CPP='gcc -E'
CPPFLAGS=''
CYGPATH_W='echo'
DATADIRNAME='share'
DEFS='-DHAVE_CONFIG_H'
DEPDIR='.deps'
DSYMUTIL=''
DUMPBIN=''
ECHO_C=''
ECHO_N='-n'
ECHO_T=''
EGREP='/bin/grep -E'
EXEEXT=''
FGREP='/bin/grep -F'
GETTEXT_PACKAGE='audio_player'
GMOFILES=''
GMSGFMT='/usr/bin/msgfmt'
GREP='/bin/grep'
INSTALL_DATA='${INSTALL} -m 644'
INSTALL_PROGRAM='${INSTALL}'
INSTALL_SCRIPT='${INSTALL}'
INSTALL_STRIP_PROGRAM='$(install_sh) -c -s'
INSTOBJEXT='.mo'
INTLLIBS=''
INTLTOOL_CAVES_RULE='%.caves:     %.caves.in     $(INTLTOOL_MERGE) $(wildcard $(top_srcdir)/po/*.po) ; LC_ALL=C $(INTLTOOL_MERGE) -d -u -c $(top_builddir)/po/.intltool-merge-cache $(top_srcdir)/po $< $@'
INTLTOOL_DESKTOP_RULE='%.desktop:   %.desktop.in   $(INTLTOOL_MERGE) $(wildcard $(top_srcdir)/po/*.po) ; LC_ALL=C $(INTLTOOL_MERGE) -d -u -c $(top_builddir)/po/.intltool-merge-cache $(top_srcdir)/po $< $@'
INTLTOOL_DIRECTORY_RULE='%.directory: %.directory.in $(INTLTOOL_MERGE) $(wildcard $(top_srcdir)/po/*.po) ; LC_ALL=C $(INTLTOOL_MERGE) -d -u -c $(top_builddir)/po/.intltool-merge-cache $(top_srcdir)/po $< $@'
INTLTOOL_EXTRACT='/usr/bin/intltool-extract'
INTLTOOL_KBD_RULE='%.kbd:       %.kbd.in       $(INTLTOOL_MERGE) $(wildcard $(top_srcdir)/po/*.po) ; LC_ALL=C $(INTLTOOL_MERGE) -x -u -m -c $(top_builddir)/po/.intltool-merge-cache $(top_srcdir)/po $< $@'
INTLTOOL_KEYS_RULE='%.keys:      %.keys.in      $(INTLTOOL_MERGE) $(wildcard $(top_srcdir)/po/*.po) ; LC_ALL=C $(INTLTOOL_MERGE) -k -u -c $(top_builddir)/po/.intltool-merge-cache $(top_srcdir)/po $< $@'
INTLTOOL_MERGE='/usr/bin/intltool-merge'
INTLTOOL_OAF_RULE='%.oaf:       %.oaf.in       $(INTLTOOL_MERGE) $(wildcard $(top_srcdir)/po/*.po) ; LC_ALL=C $(INTLTOOL_MERGE) -o -p $(top_srcdir)/po $< $@'
INTLTOOL_PERL='/usr/bin/perl'
INTLTOOL_POLICY_RULE='%.policy:    %.policy.in    $(INTLTOOL_MERGE) $(wildcard $(top_srcdir)/po/*.po) ; LC_ALL=C $(INTLTOOL_MERGE) -x -u -c $(top_builddir)/po/.intltool-merge-cache $(top_srcdir)/po $< $@'
INTLTOOL_PONG_RULE='%.pong:      %.pong.in      $(INTLTOOL_MERGE) $(wildcard $(top_srcdir)/po/*.po) ; LC_ALL=C $(INTLTOOL_MERGE) -x -u -c $(top_builddir)/po/.intltool-merge-cache $(top_srcdir)/po $< $@'
INTLTOOL_PROP_RULE='%.prop:      %.prop.in      $(INTLTOOL_MERGE) $(wildcard $(top_srcdir)/po/*.po) ; LC_ALL=C $(INTLTOOL_MERGE) -d -u -c $(top_builddir)/po/.intltool-merge-cache $(top_srcdir)/po $< $@'
INTLTOOL_SCHEMAS_RULE='%.schemas:   %.schemas.in   $(INTLTOOL_MERGE) $(wildcard $(top_srcdir)/po/*.po) ; LC_ALL=C $(INTLTOOL_MERGE) -s -u -c $(top_builddir)/po/.intltool-merge-cache $(top_srcdir)/po $< $@'
INTLTOOL_SERVER_RULE='%.server:    %.server.in    $(INTLTOOL_MERGE) $(wildcard $(top_srcdir)/po/*.po) ; LC_ALL=C $(INTLTOOL_MERGE) -o -u -c $(top_builddir)/po/.intltool-merge-cache $(top_srcdir)/po $< $@'
INTLTOOL_SERVICE_RULE='%.service: %.service.in   $(INTLTOOL_MERGE) $(wildcard $(top_srcdir)/po/*.po) ; LC_ALL=C $(INTLTOOL_MERGE) -d -u -c $(top_builddir)/po/.intltool-merge-cache $(top_srcdir)/po $< $@'
INTLTOOL_SHEET_RULE='%.sheet:     %.sheet.in     $(INTLTOOL_MERGE) $(wildcard $(top_srcdir)/po/*.po) ; LC_ALL=C $(INTLTOOL_MERGE) -x -u -c $(top_builddir)/po/.intltool-merge-cache $(top_srcdir)/po $< $@'
INTLTOOL_SOUNDLIST_RULE='%.soundlist: %.soundlist.in $(INTLTOOL_MERGE) $(wildcard $(top_srcdir)/po/*.po) ; LC_ALL=C $(INTLTOOL_MERGE) -d -u -c $(top_builddir)/po/.intltool-merge-cache $(top_srcdir)/po $< $@'
INTLTOOL_THEME_RULE='%.theme:     %.theme.in     $(INTLTOOL_MERGE) $(wildcard $(top_srcdir)/po/*.po) ; LC_ALL=C $(INTLTOOL_MERGE) -d -u -c $(top_builddir)/po/.intltool-merge-cache $(top_srcdir)/po $< $@'
INTLTOOL_UI_RULE='%.ui:        %.ui.in        $(INTLTOOL_MERGE) $(wildcard $(top_srcdir)/po/*.po) ; LC_ALL=C $(INTLTOOL_MERGE) -x -u -c $(top_builddir)/po/.intltool-merge-cache $(top_srcdir)/po $< $@'
INTLTOOL_UPDATE='/usr/bin/intltool-update'
INTLTOOL_XAM_RULE='%.xam:       %.xml.in       $(INTLTOOL_MERGE) $(wildcard $(top_srcdir)/po/*.po) ; LC_ALL=C $(INTLTOOL_MERGE) -x -u -c $(top_builddir)/po/.intltool-merge-cache $(top_srcdir)/po $< $@'
INTLTOOL_XML_NOMERGE_RULE='%.xml:       %.xml.in       $(INTLTOOL_MERGE) ; LC_ALL=C $(INTLTOOL_MERGE) -x -u /tmp $< $@'
INTLTOOL_XML_RULE='%.xml:       %.xml.in       $(INTLTOOL_MERGE) $(wildcard $(top_srcdir)/po/*.po) ; LC_ALL=C $(INTLTOOL_MERGE) -x -u -c $(top_builddir)/po/.intltool-merge-cache $(top_srcdir)/po $< $@'
LD='/usr/bin/ld'
LDFLAGS=''
LIBOBJS=''
LIBS=''
LIBTOOL='$(SHELL) $(top_builddir)/libtool'
LIPO=''
LN_S='ln -s'
LTLIBOBJS=''
MAINT=''
MAINTAINER_MODE_FALSE='#'
MAINTAINER_MODE_TRUE=''
MAKEINFO='${SHELL} /home/dcarrera/source/gtk3/audio-player/missing --run makeinfo'
MKDIR_P='/bin/mkdir -p'
MKINSTALLDIRS='/home/dcarrera/source/gtk3/audio-player/mkinstalldirs'
MSGFMT='/usr/bin/msgfmt'
MSGFMT_OPTS='-c'
MSGMERGE='/usr/bin/msgmerge'
NM='/usr/bin/nm -B'
NMEDIT=''
OBJDUMP='objdump'
OBJEXT='o'
OTOOL64=''
OTOOL=''
PACKAGE='audio_player'
PACKAGE_BUGREPORT=''
PACKAGE_NAME='audio_player'
PACKAGE_STRING='audio_player 0.1'
PACKAGE_TARNAME='audio_player'
PACKAGE_URL=''
PACKAGE_VERSION='0.1'
PATH_SEPARATOR=':'
PKG_CONFIG='/usr/bin/pkg-config'
PKG_CONFIG_LIBDIR=''
PKG_CONFIG_PATH=''
POFILES=''
POSUB='po'
PO_IN_DATADIR_FALSE=''
PO_IN_DATADIR_TRUE=''
RANLIB='ranlib'
SED='/bin/sed'
SET_MAKE=''
SHELL='/bin/bash'
STRIP='strip'
USE_NLS='yes'
VERSION='0.1'
XGETTEXT='/usr/bin/xgettext'
ac_ct_CC='gcc'
ac_ct_DUMPBIN=''
am__EXEEXT_FALSE=''
am__EXEEXT_TRUE='#'
am__fastdepCC_FALSE='#'
am__fastdepCC_TRUE=''
am__include='include'
am__isrc=' -I$(srcdir)'
am__leading_dot='.'
am__quote=''
am__tar='${AMTAR} chof - "$$tardir"'
am__untar='${AMTAR} xf -'
bindir='${exec_prefix}/bin'
build='i686-pc-linux-gnu'
build_alias=''
build_cpu='i686'
build_os='linux-gnu'
build_vendor='pc'
datadir='${datarootdir}'
datarootdir='${prefix}/share'
docdir='${datarootdir}/doc/${PACKAGE_TARNAME}'
dvidir='${docdir}'
exec_prefix='${prefix}'
gtk_CFLAGS='-pthread -D_REENTRANT -DGSEAL_ENABLE -I/usr/include/atk-1.0 -I/usr/include/glib-2.0 -I/usr/lib/i386-linux-gnu/glib-2.0/include -I/usr/include/freetype2 -I/usr/include/libpng12 -I/usr/include/pango-1.0 -I/usr/include/gio-unix-2.0/ -I/usr/include/cairo -I/usr/include/pixman-1 -I/usr/include/gtk-3.0 -I/usr/include/gdk-pixbuf-2.0 -I/usr/include/libgdl-3.0 -I/usr/include/libxml2 -I/usr/include/libdbusmenu-0.4 -I/usr/include/gtksourceview-3.0  '
gtk_LIBS='-pthread -L/usr/lib/i386-linux-gnu -lcanberra-gtk3 -lcanberra -lgdl-3 -lxml2 -ldbusmenu-gtk3 -ldbusmenu-glib -lgtksourceview-3.0 -lgtk-3 -lgdk-3 -latk-1.0 -lcairo-gobject -lgio-2.0 -lpangoft2-1.0 -lpangocairo-1.0 -lgdk_pixbuf-2.0 -lm -lcairo -lpango-1.0 -lfreetype -lfontconfig -lgobject-2.0 -lgmodule-2.0 -lgthread-2.0 -lrt -lglib-2.0  '
host='i686-pc-linux-gnu'
host_alias=''
host_cpu='i686'
host_os='linux-gnu'
host_vendor='pc'
htmldir='${docdir}'
includedir='${prefix}/include'
infodir='${datarootdir}/info'
install_sh='${SHELL} /home/dcarrera/source/gtk3/audio-player/install-sh'
libdir='${exec_prefix}/lib'
libexecdir='${exec_prefix}/libexec'
localedir='${datarootdir}/locale'
localstatedir='${prefix}/var'
lt_ECHO='echo'
mandir='${datarootdir}/man'
mkdir_p='/bin/mkdir -p'
oldincludedir='/usr/include'
pdfdir='${docdir}'
prefix='/usr/local'
program_transform_name='s,x,x,'
psdir='${docdir}'
sbindir='${exec_prefix}/sbin'
sharedstatedir='${prefix}/com'
sysconfdir='${prefix}/etc'
target_alias=''

## ----------- ##
## confdefs.h. ##
## ----------- ##

/* confdefs.h */
#define PACKAGE_NAME "audio_player"
#define PACKAGE_TARNAME "audio_player"
#define PACKAGE_VERSION "0.1"
#define PACKAGE_STRING "audio_player 0.1"
#define PACKAGE_BUGREPORT ""
#define PACKAGE_URL ""
#define PACKAGE "audio_player"
#define VERSION "0.1"
#define GETTEXT_PACKAGE "audio_player"
#define STDC_HEADERS 1
#define HAVE_SYS_TYPES_H 1
#define HAVE_SYS_STAT_H 1
#define HAVE_STDLIB_H 1
#define HAVE_STRING_H 1
#define HAVE_MEMORY_H 1
#define HAVE_STRINGS_H 1
#define HAVE_INTTYPES_H 1
#define HAVE_STDINT_H 1
#define HAVE_UNISTD_H 1
#define HAVE_LOCALE_H 1
#define HAVE_LC_MESSAGES 1
#define HAVE_BIND_TEXTDOMAIN_CODESET 1
#define HAVE_GETTEXT 1
#define HAVE_DCGETTEXT 1
#define ENABLE_NLS 1
#define HAVE_DLFCN_H 1
#define LT_OBJDIR ".libs/"

configure: exit 0
